<?xml version="1.0" encoding="UTF-8"?>
<testsuite xmlns:xsi="http://www.w3.org/2001/XMLSchema-instance" xsi:noNamespaceSchemaLocation="https://maven.apache.org/surefire/maven-surefire-plugin/xsd/surefire-test-report.xsd" version="3.0.2" name="testrunner.TestRunner" time="191.965" tests="3" errors="0" skipped="0" failures="0">
  <properties>
[...]
</properties>
  <testcase name="runScenario[&quot;Verifying MyPlaceSetUp module&quot;, &quot;Alliance Home Page Scenarios&quot;](1)" classname="testrunner.TestRunner" time="81.217">
    <system-out><![CDATA[
Scenario: Verifying MyPlaceSetUp module                                     &amp#27;[90m# Features/Alliance_Home.feature:10&amp#27;[0m
browser value is: chrome
  &amp#27;[32mGiven &amp#27;[0m&amp#27;[32mI am on Alliance Home Page&amp#27;[0m                                          &amp#27;[90m# stepdefinations.LoginSteps.i_am_on_alliance_home_page()&amp#27;[0m

    Embedding Step Screenshot [image/png 7471 bytes]

  &amp#27;[32mWhen &amp#27;[0m&amp#27;[32mI click on Sign In button&amp#27;[0m                                            &amp#27;[90m# stepdefinations.LoginSteps.i_click_on_sign_in_button()&amp#27;[0m

    Embedding Step Screenshot [image/png 4051 bytes]

Actual Url is: https://staging.allianceconnect.com/web/sandbox/home?p_p_id=com_liferay_login_web_portlet_LoginPortlet&p_p_lifecycle=0&p_p_state=maximized&p_p_mode=view&_com_liferay_login_web_portlet_LoginPortlet_mvcRenderCommandName=%2Flogin%2Flogin&saveLastPath=false
  &amp#27;[32mAnd &amp#27;[0m&amp#27;[32mUser is in the sign in page&amp#27;[0m                                           &amp#27;[90m# stepdefinations.LoginSteps.user_is_in_the_sign_in_page()&amp#27;[0m

    Embedding Step Screenshot [image/png 4051 bytes]

  &amp#27;[32mAnd &amp#27;[0m&amp#27;[32muser is in login page enter the correct username and correct password&amp#27;[0m &amp#27;[90m# stepdefinations.LoginSteps.user_is_in_login_page_enter_the_correct_username_and_correct_password()&amp#27;[0m

    Embedding Step Screenshot [image/png 4051 bytes]

Actual UserName is: Sandbox Admin
  &amp#27;[32mThen &amp#27;[0m&amp#27;[32mHome is displayed with expectedUserName&amp#27;[0m                              &amp#27;[90m# stepdefinations.LoginSteps.Home_is_displayed_with_expectedUserName()&amp#27;[0m

    Embedding Step Screenshot [image/png 2590 bytes]

  &amp#27;[32mGiven &amp#27;[0m&amp#27;[32muser is in homepage&amp#27;[0m                                                 &amp#27;[90m# stepdefinations.LoginSteps.user_is_in_homepage()&amp#27;[0m

    Embedding Step Screenshot [image/png 2590 bytes]

  &amp#27;[32mWhen &amp#27;[0m&amp#27;[32mclick on the globe icon&amp#27;[0m                                              &amp#27;[90m# stepdefinations.LoginSteps.click_on_the_globe_icon()&amp#27;[0m

    Embedding Step Screenshot [image/png 2590 bytes]

  &amp#27;[32mAnd &amp#27;[0m&amp#27;[32mclick on Sandbox Private&amp#27;[0m                                              &amp#27;[90m# stepdefinations.LoginSteps.click_on_sandbox_private()&amp#27;[0m

    Embedding Step Screenshot [image/png 2590 bytes]

  &amp#27;[32mAnd &amp#27;[0m&amp#27;[32mmousehover to SellNetwork&amp#27;[0m                                             &amp#27;[90m# stepdefinations.LoginSteps.mousehover_to_sell_network()&amp#27;[0m

    Embedding Step Screenshot [image/png 2590 bytes]

  &amp#27;[32mAnd &amp#27;[0m&amp#27;[32mClick on MyPlaceSetup&amp#27;[0m                                                 &amp#27;[90m# stepdefinations.LoginSteps.Click_on_MyPlaceSetup()&amp#27;[0m

    Embedding Step Screenshot [image/png 2590 bytes]

  &amp#27;[32mThen &amp#27;[0m&amp#27;[32mMyPlaceSetUp page should display&amp#27;[0m                                     &amp#27;[90m# stepdefinations.LoginSteps.MyPlaceSetUp_page_should_display()&amp#27;[0m

    Embedding Step Screenshot [image/png 2590 bytes]

]]></system-out>
    <system-err><![CDATA[SLF4J: Failed to load class "org.slf4j.impl.StaticLoggerBinder".
SLF4J: Defaulting to no-operation (NOP) logger implementation
SLF4J: See http://www.slf4j.org/codes.html#StaticLoggerBinder for further details.
]]></system-err>
  </testcase>
  <testcase name="runScenario[&quot;Verifying Select Organization&quot;, &quot;Alliance Home Page Scenarios&quot;](2)" classname="testrunner.TestRunner" time="47.61">
    <system-out><![CDATA[
Scenario: Verifying Select Organization                                     &amp#27;[90m# Features/Alliance_Home.feature:18&amp#27;[0m
browser value is: chrome
  &amp#27;[32mGiven &amp#27;[0m&amp#27;[32mI am on Alliance Home Page&amp#27;[0m                                          &amp#27;[90m# stepdefinations.LoginSteps.i_am_on_alliance_home_page()&amp#27;[0m

    Embedding Step Screenshot [image/png 7471 bytes]

  &amp#27;[32mWhen &amp#27;[0m&amp#27;[32mI click on Sign In button&amp#27;[0m                                            &amp#27;[90m# stepdefinations.LoginSteps.i_click_on_sign_in_button()&amp#27;[0m

    Embedding Step Screenshot [image/png 4051 bytes]

Actual Url is: https://staging.allianceconnect.com/web/sandbox/home?p_p_id=com_liferay_login_web_portlet_LoginPortlet&p_p_lifecycle=0&p_p_state=maximized&p_p_mode=view&_com_liferay_login_web_portlet_LoginPortlet_mvcRenderCommandName=%2Flogin%2Flogin&saveLastPath=false
  &amp#27;[32mAnd &amp#27;[0m&amp#27;[32mUser is in the sign in page&amp#27;[0m                                           &amp#27;[90m# stepdefinations.LoginSteps.user_is_in_the_sign_in_page()&amp#27;[0m

    Embedding Step Screenshot [image/png 4051 bytes]

  &amp#27;[32mAnd &amp#27;[0m&amp#27;[32muser is in login page enter the correct username and correct password&amp#27;[0m &amp#27;[90m# stepdefinations.LoginSteps.user_is_in_login_page_enter_the_correct_username_and_correct_password()&amp#27;[0m

    Embedding Step Screenshot [image/png 4051 bytes]

Actual UserName is: Sandbox Admin
  &amp#27;[32mThen &amp#27;[0m&amp#27;[32mHome is displayed with expectedUserName&amp#27;[0m                              &amp#27;[90m# stepdefinations.LoginSteps.Home_is_displayed_with_expectedUserName()&amp#27;[0m

    Embedding Step Screenshot [image/png 2590 bytes]

  &amp#27;[32mGiven &amp#27;[0m&amp#27;[32muser is in MyplaceSetup module&amp#27;[0m                                      &amp#27;[90m# stepdefinations.LoginSteps.user_is_in_MyplaceSetup_module()&amp#27;[0m

    Embedding Step Screenshot [image/png 2590 bytes]

  &amp#27;[32mWhen &amp#27;[0m&amp#27;[32mclick on the organization close icon&amp#27;[0m                                 &amp#27;[90m# stepdefinations.LoginSteps.click_on_the_organization_close_icon()&amp#27;[0m

    Embedding Step Screenshot [image/png 2590 bytes]

  &amp#27;[32mAnd &amp#27;[0m&amp#27;[32menter the orgname and select the org&amp#27;[0m                                  &amp#27;[90m# stepdefinations.LoginSteps.enter_the_orgname_and_select_the_org()&amp#27;[0m

    Embedding Step Screenshot [image/png 2590 bytes]

  &amp#27;[32mThen &amp#27;[0m&amp#27;[32mMyPlaceforpats page should display as blank&amp#27;[0m                          &amp#27;[90m# stepdefinations.LoginSteps.my_placeforpats_page_should_display_as_blank()&amp#27;[0m

    Embedding Step Screenshot [image/png 2590 bytes]

]]></system-out>
  </testcase>
  <testcase name="runScenario[&quot;Verifying Copy SellNetwork from&quot;, &quot;Alliance Home Page Scenarios&quot;](3)" classname="testrunner.TestRunner" time="58.063">
    <system-out><![CDATA[
Scenario: Verifying Copy SellNetwork from                                             &amp#27;[90m# Features/Alliance_Home.feature:24&amp#27;[0m
browser value is: chrome
  &amp#27;[32mGiven &amp#27;[0m&amp#27;[32mI am on Alliance Home Page&amp#27;[0m                                                    &amp#27;[90m# stepdefinations.LoginSteps.i_am_on_alliance_home_page()&amp#27;[0m

    Embedding Step Screenshot [image/png 7471 bytes]

  &amp#27;[32mWhen &amp#27;[0m&amp#27;[32mI click on Sign In button&amp#27;[0m                                                      &amp#27;[90m# stepdefinations.LoginSteps.i_click_on_sign_in_button()&amp#27;[0m

    Embedding Step Screenshot [image/png 4051 bytes]

Actual Url is: https://staging.allianceconnect.com/web/sandbox/home?p_p_id=com_liferay_login_web_portlet_LoginPortlet&p_p_lifecycle=0&p_p_state=maximized&p_p_mode=view&_com_liferay_login_web_portlet_LoginPortlet_mvcRenderCommandName=%2Flogin%2Flogin&saveLastPath=false
  &amp#27;[32mAnd &amp#27;[0m&amp#27;[32mUser is in the sign in page&amp#27;[0m                                                     &amp#27;[90m# stepdefinations.LoginSteps.user_is_in_the_sign_in_page()&amp#27;[0m

    Embedding Step Screenshot [image/png 4051 bytes]

  &amp#27;[32mAnd &amp#27;[0m&amp#27;[32muser is in login page enter the correct username and correct password&amp#27;[0m           &amp#27;[90m# stepdefinations.LoginSteps.user_is_in_login_page_enter_the_correct_username_and_correct_password()&amp#27;[0m

    Embedding Step Screenshot [image/png 4051 bytes]

Actual UserName is: Sandbox Admin
  &amp#27;[32mThen &amp#27;[0m&amp#27;[32mHome is displayed with expectedUserName&amp#27;[0m                                        &amp#27;[90m# stepdefinations.LoginSteps.Home_is_displayed_with_expectedUserName()&amp#27;[0m

    Embedding Step Screenshot [image/png 2590 bytes]

  &amp#27;[32mGiven &amp#27;[0m&amp#27;[32muser is in MyplaceSetup module to add sellnetwork&amp#27;[0m                             &amp#27;[90m# stepdefinations.LoginSteps.user_is_in_MyplaceSetup_module_to_add_sellnetwork()&amp#27;[0m

    Embedding Step Screenshot [image/png 2590 bytes]

  &amp#27;[32mWhen &amp#27;[0m&amp#27;[32muser select Copy Sellnetwork From checkbox&amp#27;[0m                                     &amp#27;[90m# stepdefinations.LoginSteps.user_select_copy_sellnetwork_from_checkbox()&amp#27;[0m

    Embedding Step Screenshot [image/png 2590 bytes]

  &amp#27;[32mAnd &amp#27;[0m&amp#27;[32mSelect store from dropdown&amp#27;[0m                                                      &amp#27;[90m# stepdefinations.LoginSteps.select_store_from_dropdown()&amp#27;[0m

    Embedding Step Screenshot [image/png 2590 bytes]

  &amp#27;[32mAnd &amp#27;[0m&amp#27;[32mSelect location from dropdown&amp#27;[0m                                                   &amp#27;[90m# stepdefinations.LoginSteps.select_location_from_dropdown()&amp#27;[0m

    Embedding Step Screenshot [image/png 2590 bytes]

  &amp#27;[32mAnd &amp#27;[0m&amp#27;[32mselect Primary Details checkbox&amp#27;[0m                                                 &amp#27;[90m# stepdefinations.LoginSteps.select_primary_details_checkbox()&amp#27;[0m

    Embedding Step Screenshot [image/png 2590 bytes]

  &amp#27;[32mAnd &amp#27;[0m&amp#27;[32mClick on Go button&amp#27;[0m                                                              &amp#27;[90m# stepdefinations.LoginSteps.click_on_go_button()&amp#27;[0m

    Embedding Step Screenshot [image/png 4040 bytes]

  &amp#27;[32mAnd &amp#27;[0m&amp#27;[32mClick on OK button for confirm message&amp#27;[0m                                          &amp#27;[90m# stepdefinations.LoginSteps.click_on_OK_button_for_confirm_message()&amp#27;[0m

    Embedding Step Screenshot [image/png 2883 bytes]

Success
  &amp#27;[32mThen &amp#27;[0m&amp#27;[32mIt should display the sellnetwork which are available in the selected location&amp#27;[0m &amp#27;[90m# stepdefinations.LoginSteps.it_should_display_the_sellnetwork_which_are_available_in_the_selected_location()&amp#27;[0m

    Embedding Step Screenshot [image/png 2883 bytes]

]]></system-out>
  </testcase>
</testsuite>