<?xml version="1.0" encoding="UTF-8"?>
<testng-results ignored="0" total="3" passed="3" failed="0" skipped="0">
  <reporter-output>
  </reporter-output>
  <suite started-at="2024-08-20T17:42:14 IST" name="Surefire suite" finished-at="2024-08-20T17:45:25 IST" duration-ms="191514">
    <groups>
      <group name="cucumber">
        <method signature="AbstractTestNGCucumberTests.runScenario(io.cucumber.testng.PickleWrapper,io.cucumber.testng.FeatureWrapper)[pri:0, instance:testrunner.TestRunner@6aba2b86]" name="runScenario" class="io.cucumber.testng.AbstractTestNGCucumberTests"/>
      </group> <!-- cucumber -->
    </groups>
    <test started-at="2024-08-20T17:42:14 IST" name="Surefire test" finished-at="2024-08-20T17:45:25 IST" duration-ms="191514">
      <class name="testrunner.TestRunner">
        <test-method is-config="true" signature="setUpClass(org.testng.ITestContext)[pri:0, instance:testrunner.TestRunner@6aba2b86]" started-at="2024-08-20T17:42:14 IST" name="setUpClass" finished-at="2024-08-20T17:42:15 IST" duration-ms="873" status="PASS">
          <params>
            <param index="0">
              <value>
                <![CDATA[org.testng.TestRunner@1e029a04]]>
              </value>
            </param>
          </params>
          <reporter-output>
          </reporter-output>
        </test-method> <!-- setUpClass -->
        <test-method signature="runScenario(io.cucumber.testng.PickleWrapper,io.cucumber.testng.FeatureWrapper)[pri:0, instance:testrunner.TestRunner@6aba2b86]" started-at="2024-08-20T17:42:15 IST" name="runScenario" description="Runs Cucumber Scenarios" data-provider="scenarios" finished-at="2024-08-20T17:43:36 IST" duration-ms="81217" status="PASS">
          <params>
            <param index="0">
              <value>
                <![CDATA["Verifying MyPlaceSetUp module"]]>
              </value>
            </param>
            <param index="1">
              <value>
                <![CDATA["Alliance Home Page Scenarios"]]>
              </value>
            </param>
          </params>
          <reporter-output>
          </reporter-output>
        </test-method> <!-- runScenario -->
        <test-method signature="runScenario(io.cucumber.testng.PickleWrapper,io.cucumber.testng.FeatureWrapper)[pri:0, instance:testrunner.TestRunner@6aba2b86]" started-at="2024-08-20T17:43:36 IST" name="runScenario" description="Runs Cucumber Scenarios" data-provider="scenarios" finished-at="2024-08-20T17:44:24 IST" duration-ms="47612" status="PASS">
          <params>
            <param index="0">
              <value>
                <![CDATA["Verifying Select Organization"]]>
              </value>
            </param>
            <param index="1">
              <value>
                <![CDATA["Alliance Home Page Scenarios"]]>
              </value>
            </param>
          </params>
          <reporter-output>
          </reporter-output>
        </test-method> <!-- runScenario -->
        <test-method signature="runScenario(io.cucumber.testng.PickleWrapper,io.cucumber.testng.FeatureWrapper)[pri:0, instance:testrunner.TestRunner@6aba2b86]" started-at="2024-08-20T17:44:24 IST" name="runScenario" description="Runs Cucumber Scenarios" data-provider="scenarios" finished-at="2024-08-20T17:45:22 IST" duration-ms="58062" status="PASS">
          <params>
            <param index="0">
              <value>
                <![CDATA["Verifying Copy SellNetwork from"]]>
              </value>
            </param>
            <param index="1">
              <value>
                <![CDATA["Alliance Home Page Scenarios"]]>
              </value>
            </param>
          </params>
          <reporter-output>
          </reporter-output>
        </test-method> <!-- runScenario -->
        <test-method is-config="true" signature="tearDownClass()[pri:0, instance:testrunner.TestRunner@6aba2b86]" started-at="2024-08-20T17:45:22 IST" name="tearDownClass" finished-at="2024-08-20T17:45:25 IST" duration-ms="3706" status="PASS">
          <reporter-output>
          </reporter-output>
        </test-method> <!-- tearDownClass -->
      </class> <!-- testrunner.TestRunner -->
    </test> <!-- Surefire test -->
  </suite> <!-- Surefire suite -->
</testng-results>
