<?xml version="1.0" encoding="UTF-8"?>
<testng-results ignored="0" total="3" passed="3" failed="0" skipped="0">
  <reporter-output>
  </reporter-output>
  <suite started-at="2024-10-03T11:26:52 IST" name="Default suite" finished-at="2024-10-03T11:29:36 IST" duration-ms="164299">
    <groups>
      <group name="cucumber">
        <method signature="AbstractTestNGCucumberTests.runScenario(io.cucumber.testng.PickleWrapper,io.cucumber.testng.FeatureWrapper)[pri:0, instance:testrunner.TestRunner@272ed83b]" name="runScenario" class="io.cucumber.testng.AbstractTestNGCucumberTests"/>
      </group> <!-- cucumber -->
    </groups>
    <test started-at="2024-10-03T11:26:52 IST" name="Default test" finished-at="2024-10-03T11:29:36 IST" duration-ms="164299">
      <class name="testrunner.TestRunner">
        <test-method is-config="true" signature="setUpClass(org.testng.ITestContext)[pri:0, instance:testrunner.TestRunner@272ed83b]" started-at="2024-10-03T11:26:52 IST" name="setUpClass" finished-at="2024-10-03T11:26:52 IST" duration-ms="823" status="PASS">
          <params>
            <param index="0">
              <value>
                <![CDATA[org.testng.TestRunner@16e5344c]]>
              </value>
            </param>
          </params>
          <reporter-output>
          </reporter-output>
        </test-method> <!-- setUpClass -->
        <test-method signature="runScenario(io.cucumber.testng.PickleWrapper,io.cucumber.testng.FeatureWrapper)[pri:0, instance:testrunner.TestRunner@272ed83b]" started-at="2024-10-03T11:26:52 IST" name="runScenario" description="Runs Cucumber Scenarios" data-provider="scenarios" finished-at="2024-10-03T11:27:50 IST" duration-ms="57547" status="PASS">
          <params>
            <param index="0">
              <value>
                <![CDATA["Verifying MyPlaceSetUp module"]]>
              </value>
            </param>
            <param index="1">
              <value>
                <![CDATA["Alliance Home Page Scenarios"]]>
              </value>
            </param>
          </params>
          <reporter-output>
          </reporter-output>
        </test-method> <!-- runScenario -->
        <test-method signature="runScenario(io.cucumber.testng.PickleWrapper,io.cucumber.testng.FeatureWrapper)[pri:0, instance:testrunner.TestRunner@272ed83b]" started-at="2024-10-03T11:27:50 IST" name="runScenario" description="Runs Cucumber Scenarios" data-provider="scenarios" finished-at="2024-10-03T11:28:37 IST" duration-ms="47255" status="PASS">
          <params>
            <param index="0">
              <value>
                <![CDATA["Verifying Select Organization"]]>
              </value>
            </param>
            <param index="1">
              <value>
                <![CDATA["Alliance Home Page Scenarios"]]>
              </value>
            </param>
          </params>
          <reporter-output>
          </reporter-output>
        </test-method> <!-- runScenario -->
        <test-method signature="runScenario(io.cucumber.testng.PickleWrapper,io.cucumber.testng.FeatureWrapper)[pri:0, instance:testrunner.TestRunner@272ed83b]" started-at="2024-10-03T11:28:37 IST" name="runScenario" description="Runs Cucumber Scenarios" data-provider="scenarios" finished-at="2024-10-03T11:29:30 IST" duration-ms="52506" status="PASS">
          <params>
            <param index="0">
              <value>
                <![CDATA["Verifying Copy SellNetwork from"]]>
              </value>
            </param>
            <param index="1">
              <value>
                <![CDATA["Alliance Home Page Scenarios"]]>
              </value>
            </param>
          </params>
          <reporter-output>
          </reporter-output>
        </test-method> <!-- runScenario -->
        <test-method is-config="true" signature="tearDownClass()[pri:0, instance:testrunner.TestRunner@272ed83b]" started-at="2024-10-03T11:29:30 IST" name="tearDownClass" finished-at="2024-10-03T11:29:36 IST" duration-ms="6124" status="PASS">
          <reporter-output>
          </reporter-output>
        </test-method> <!-- tearDownClass -->
      </class> <!-- testrunner.TestRunner -->
    </test> <!-- Default test -->
  </suite> <!-- Default suite -->
</testng-results>
