<?xml version="1.0" encoding="UTF-8"?>
<testng-results ignored="0" total="3" passed="3" failed="0" skipped="0">
  <reporter-output>
  </reporter-output>
  <suite started-at="2024-08-20T16:39:21 IST" name="Cucumber Test Suite" finished-at="2024-08-20T16:42:12 IST" duration-ms="171316">
    <groups>
      <group name="cucumber">
        <method signature="AbstractTestNGCucumberTests.runScenario(io.cucumber.testng.PickleWrapper,io.cucumber.testng.FeatureWrapper)[pri:0, instance:testrunner.TestRunner@6e509ffa]" name="runScenario" class="io.cucumber.testng.AbstractTestNGCucumberTests"/>
      </group> <!-- cucumber -->
    </groups>
    <test started-at="2024-08-20T16:39:21 IST" name="Cucumber Tests" finished-at="2024-08-20T16:42:12 IST" duration-ms="171316">
      <class name="testrunner.TestRunner">
        <test-method is-config="true" signature="setUpClass(org.testng.ITestContext)[pri:0, instance:testrunner.TestRunner@6e509ffa]" started-at="2024-08-20T16:39:21 IST" name="setUpClass" finished-at="2024-08-20T16:39:22 IST" duration-ms="1154" status="PASS">
          <params>
            <param index="0">
              <value>
                <![CDATA[org.testng.TestRunner@fb5d334]]>
              </value>
            </param>
          </params>
          <reporter-output>
          </reporter-output>
        </test-method> <!-- setUpClass -->
        <test-method signature="runScenario(io.cucumber.testng.PickleWrapper,io.cucumber.testng.FeatureWrapper)[pri:0, instance:testrunner.TestRunner@6e509ffa]" started-at="2024-08-20T16:39:22 IST" name="runScenario" description="Runs Cucumber Scenarios" data-provider="scenarios" finished-at="2024-08-20T16:40:16 IST" duration-ms="54298" status="PASS">
          <params>
            <param index="0">
              <value>
                <![CDATA["Verifying MyPlaceSetUp module"]]>
              </value>
            </param>
            <param index="1">
              <value>
                <![CDATA["Alliance Home Page Scenarios"]]>
              </value>
            </param>
          </params>
          <reporter-output>
          </reporter-output>
        </test-method> <!-- runScenario -->
        <test-method signature="runScenario(io.cucumber.testng.PickleWrapper,io.cucumber.testng.FeatureWrapper)[pri:0, instance:testrunner.TestRunner@6e509ffa]" started-at="2024-08-20T16:40:16 IST" name="runScenario" description="Runs Cucumber Scenarios" data-provider="scenarios" finished-at="2024-08-20T16:41:12 IST" duration-ms="55828" status="PASS">
          <params>
            <param index="0">
              <value>
                <![CDATA["Verifying Select Organization"]]>
              </value>
            </param>
            <param index="1">
              <value>
                <![CDATA["Alliance Home Page Scenarios"]]>
              </value>
            </param>
          </params>
          <reporter-output>
          </reporter-output>
        </test-method> <!-- runScenario -->
        <test-method signature="runScenario(io.cucumber.testng.PickleWrapper,io.cucumber.testng.FeatureWrapper)[pri:0, instance:testrunner.TestRunner@6e509ffa]" started-at="2024-08-20T16:41:12 IST" name="runScenario" description="Runs Cucumber Scenarios" data-provider="scenarios" finished-at="2024-08-20T16:42:05 IST" duration-ms="52979" status="PASS">
          <params>
            <param index="0">
              <value>
                <![CDATA["Verifying Copy SellNetwork from"]]>
              </value>
            </param>
            <param index="1">
              <value>
                <![CDATA["Alliance Home Page Scenarios"]]>
              </value>
            </param>
          </params>
          <reporter-output>
          </reporter-output>
        </test-method> <!-- runScenario -->
        <test-method is-config="true" signature="tearDownClass()[pri:0, instance:testrunner.TestRunner@6e509ffa]" started-at="2024-08-20T16:42:05 IST" name="tearDownClass" finished-at="2024-08-20T16:42:12 IST" duration-ms="6994" status="PASS">
          <reporter-output>
          </reporter-output>
        </test-method> <!-- tearDownClass -->
      </class> <!-- testrunner.TestRunner -->
    </test> <!-- Cucumber Tests -->
  </suite> <!-- Cucumber Test Suite -->
</testng-results>
